<?xml version="1.0" encoding="UTF-8"?>
<testng-results ignored="0" total="1" passed="1" failed="0" skipped="0">
  <reporter-output>
  </reporter-output>
  <suite started-at="2022-07-12T21:36:23 CDT" name="Default suite" finished-at="2022-07-12T21:36:24 CDT" duration-ms="68">
    <groups>
    </groups>
    <test started-at="2022-07-12T21:36:23 CDT" name="Default test" finished-at="2022-07-12T21:36:24 CDT" duration-ms="68">
      <class name="JenkinsTest.testJenkins">
        <test-method signature="jenkinTest()[pri:0, instance:JenkinsTest.testJenkins@24fcf36f]" started-at="2022-07-12T21:36:24 CDT" name="jenkinTest" finished-at="2022-07-12T21:36:24 CDT" duration-ms="14" status="PASS">
          <reporter-output>
          </reporter-output>
        </test-method> <!-- jenkinTest -->
      </class> <!-- JenkinsTest.testJenkins -->
    </test> <!-- Default test -->
  </suite> <!-- Default suite -->
</testng-results>
